<?xml version="1.0" encoding="UTF-8"?>
<!-- Generated by org.testng.reporters.JUnitReportReporter -->
<testsuite hostname="DESKTOP-U6781H8" failures="0" tests="1" name="testScript.ReportTest" time="20.884" errors="0" timestamp="2023-12-27T14:28:19 IST" skipped="0">
  <testcase classname="testScript.ReportTest" name="ReportTest" time="20.884"/>
</testsuite> <!-- testScript.ReportTest -->
